<?xml version="1.0" encoding="UTF-8"?>
<testng-results skipped="0" failed="0" ignored="0" total="0" passed="0">
  <reporter-output>
  </reporter-output>
  <suite name="Default suite" duration-ms="13347" started-at="2017-05-29T10:07:59Z" finished-at="2017-05-29T10:08:12Z">
    <groups>
    </groups>
    <test name="Default test" duration-ms="13347" started-at="2017-05-29T10:07:59Z" finished-at="2017-05-29T10:08:12Z">
      <class name="Xoxoday.AppTest">
        <test-method status="PASS" signature="openBrowser()[pri:0, instance:Xoxoday.AppTest@5f9d02cb]" name="openBrowser" is-config="true" duration-ms="13067" started-at="2017-05-29T15:37:59Z" finished-at="2017-05-29T15:38:12Z">
          <reporter-output>
          </reporter-output>
        </test-method> <!-- openBrowser -->
        <test-method status="PASS" signature="tearDown()[pri:0, instance:Xoxoday.AppTest@5f9d02cb]" name="tearDown" is-config="true" duration-ms="268" started-at="2017-05-29T15:38:12Z" finished-at="2017-05-29T15:38:12Z">
          <reporter-output>
          </reporter-output>
        </test-method> <!-- tearDown -->
      </class> <!-- Xoxoday.AppTest -->
    </test> <!-- Default test -->
  </suite> <!-- Default suite -->
</testng-results>
